<?xml version="1.0" encoding="UTF-8"?>
<!-- Generated by org.testng.reporters.JUnitXMLReporter -->
<testsuite hostname="PRAKASH-PC" ignored="0" name="Test" tests="2" failures="2" timestamp="04 Jul 2017 16:19:53 GMT" time="31.573" errors="0">
  <testcase name="data" time="13.131" classname="main.java.LoginTest">
    <failure type="java.io.IOException" message="The filename, directory name, or volume label syntax is incorrect">
      <![CDATA[java.io.IOException: The filename, directory name, or volume label syntax is incorrect
	at java.io.WinNTFileSystem.canonicalize0(Native Method)
	at java.io.WinNTFileSystem.canonicalize(Unknown Source)
	at java.io.File.getCanonicalPath(Unknown Source)
	at org.apache.commons.io.FileUtils.copyFile(FileUtils.java:1076)
	at org.apache.commons.io.FileUtils.copyFile(FileUtils.java:1040)
	at main.java.initialize.screenshot(initialize.java:103)
	at main.java.LoginTest.data(LoginTest.java:35)
... Removed 25 stack frames]]>
    </failure>
  </testcase> <!-- data -->
  <testcase name="data" time="14.249" classname="main.java.ProductionOrder">
    <failure type="java.lang.NullPointerException">
      <![CDATA[java.lang.NullPointerException
	at main.java.ProductionOrder.data(ProductionOrder.java:38)
... Removed 25 stack frames]]>
    </failure>
  </testcase> <!-- data -->
</testsuite> <!-- Test -->
